<?xml version="1.0" encoding="UTF-8"?>
<coverage generated="1570308251859" clover="3.2.0">
  <project timestamp="1570308251859" name="All files">
    <metrics statements="20" coveredstatements="10" conditionals="6" coveredconditionals="2" methods="13" coveredmethods="4" elements="39" coveredelements="16" complexity="0" loc="20" ncloc="20" packages="1" files="2" classes="2"/>
    <file name="abstract-iterator.ts" path="/home/trevor/dev/projects/javascript/iter-over/ts/abstract-iterator.ts">
      <metrics statements="9" coveredstatements="2" conditionals="0" coveredconditionals="0" methods="8" coveredmethods="1"/>
      <line num="16" count="1" type="stmt"/>
      <line num="39" count="22" type="stmt"/>
      <line num="50" count="0" type="stmt"/>
      <line num="60" count="0" type="stmt"/>
      <line num="66" count="0" type="stmt"/>
      <line num="72" count="0" type="stmt"/>
      <line num="78" count="0" type="stmt"/>
      <line num="84" count="0" type="stmt"/>
      <line num="99" count="0" type="stmt"/>
    </file>
    <file name="array-iterator.ts" path="/home/trevor/dev/projects/javascript/iter-over/ts/array-iterator.ts">
      <metrics statements="11" coveredstatements="8" conditionals="6" coveredconditionals="2" methods="5" coveredmethods="3"/>
      <line num="7" count="1" type="stmt"/>
      <line num="16" count="1" type="stmt"/>
      <line num="35" count="11" type="stmt"/>
      <line num="37" count="11" type="stmt"/>
      <line num="38" count="11" type="stmt"/>
      <line num="49" count="96" type="stmt"/>
      <line num="60" count="57" type="cond" truecount="2" falsecount="0"/>
      <line num="61" count="2" type="stmt"/>
      <line num="72" count="0" type="cond" truecount="0" falsecount="4"/>
      <line num="73" count="0" type="stmt"/>
      <line num="82" count="0" type="stmt"/>
    </file>
  </project>
</coverage>
