{"/home/trevor/dev/projects/javascript/iter-over/ts/abstract-iterator.ts": {"path":"/home/trevor/dev/projects/javascript/iter-over/ts/abstract-iterator.ts","statementMap":{"0":{"start":{"line":39,"column":2},"end":{"line":39,"column":47}},"1":{"start":{"line":39,"column":25},"end":{"line":39,"column":47}},"2":{"start":{"line":50,"column":2},"end":{"line":50,"column":109}},"3":{"start":{"line":60,"column":2},"end":{"line":60,"column":108}},"4":{"start":{"line":66,"column":2},"end":{"line":93,"column":10}},"5":{"start":{"line":72,"column":4},"end":{"line":72,"column":29}},"6":{"start":{"line":78,"column":4},"end":{"line":78,"column":16}},"7":{"start":{"line":84,"column":4},"end":{"line":89,"column":6}},"8":{"start":{"line":16,"column":0},"end":{"line":16,"column":22}}},"fnMap":{"0":{"name":"(anonymous_0)","decl":{"start":{"line":37,"column":8},"end":{"line":37,"column":24}},"loc":{"start":{"line":37,"column":55},"end":{"line":41,"column":2}}},"1":{"name":"(anonymous_1)","decl":{"start":{"line":48,"column":8},"end":{"line":48,"column":14}},"loc":{"start":{"line":48,"column":14},"end":{"line":52,"column":2}}},"2":{"name":"(anonymous_2)","decl":{"start":{"line":58,"column":8},"end":{"line":58,"column":13}},"loc":{"start":{"line":58,"column":13},"end":{"line":62,"column":2}}},"3":{"name":"(anonymous_3)","decl":{"start":{"line":64,"column":8},"end":{"line":64,"column":9}},"loc":{"start":{"line":64,"column":25},"end":{"line":95,"column":2}}},"4":{"name":"(anonymous_4)","decl":{"start":{"line":70,"column":3},"end":{"line":70,"column":22}},"loc":{"start":{"line":70,"column":51},"end":{"line":74,"column":4}}},"5":{"name":"(anonymous_5)","decl":{"start":{"line":76,"column":10},"end":{"line":76,"column":11}},"loc":{"start":{"line":76,"column":27},"end":{"line":80,"column":4}}},"6":{"name":"(anonymous_6)","decl":{"start":{"line":82,"column":10},"end":{"line":82,"column":14}},"loc":{"start":{"line":82,"column":14},"end":{"line":91,"column":4}}}},"branchMap":{},"s":{"0":5,"1":43,"2":2,"3":2,"4":1,"5":1,"6":0,"7":4,"8":5},"f":{"0":5,"1":2,"2":2,"3":1,"4":1,"5":0,"6":4},"b":{}}
,"/home/trevor/dev/projects/javascript/iter-over/ts/array-iterator.ts": {"path":"/home/trevor/dev/projects/javascript/iter-over/ts/array-iterator.ts","statementMap":{"0":{"start":{"line":7,"column":0},"end":{"line":7,"column":55}},"1":{"start":{"line":24,"column":2},"end":{"line":24,"column":10}},"2":{"start":{"line":26,"column":2},"end":{"line":26,"column":30}},"3":{"start":{"line":27,"column":2},"end":{"line":27,"column":18}},"4":{"start":{"line":33,"column":2},"end":{"line":33,"column":52}},"5":{"start":{"line":39,"column":2},"end":{"line":39,"column":44}},"6":{"start":{"line":16,"column":0},"end":{"line":16,"column":13}}},"fnMap":{"0":{"name":"(anonymous_0)","decl":{"start":{"line":22,"column":1},"end":{"line":22,"column":20}},"loc":{"start":{"line":22,"column":30},"end":{"line":29,"column":2}}},"1":{"name":"(anonymous_1)","decl":{"start":{"line":31,"column":8},"end":{"line":31,"column":15}},"loc":{"start":{"line":31,"column":15},"end":{"line":35,"column":2}}},"2":{"name":"(anonymous_2)","decl":{"start":{"line":37,"column":8},"end":{"line":37,"column":12}},"loc":{"start":{"line":37,"column":12},"end":{"line":41,"column":2}}}},"branchMap":{},"s":{"0":1,"1":1,"2":1,"3":1,"4":6,"5":6,"6":1},"f":{"0":1,"1":6,"2":6},"b":{}}
,"/home/trevor/dev/projects/javascript/iter-over/ts/empty-iterator.ts": {"path":"/home/trevor/dev/projects/javascript/iter-over/ts/empty-iterator.ts","statementMap":{"0":{"start":{"line":7,"column":0},"end":{"line":7,"column":55}},"1":{"start":{"line":20,"column":2},"end":{"line":20,"column":15}},"2":{"start":{"line":26,"column":2},"end":{"line":26,"column":19}},"3":{"start":{"line":32,"column":2},"end":{"line":32,"column":19}},"4":{"start":{"line":38,"column":2},"end":{"line":38,"column":9}},"5":{"start":{"line":16,"column":0},"end":{"line":16,"column":13}}},"fnMap":{"0":{"name":"(anonymous_0)","decl":{"start":{"line":18,"column":8},"end":{"line":18,"column":15}},"loc":{"start":{"line":18,"column":15},"end":{"line":22,"column":2}}},"1":{"name":"(anonymous_1)","decl":{"start":{"line":24,"column":8},"end":{"line":24,"column":12}},"loc":{"start":{"line":24,"column":12},"end":{"line":28,"column":2}}},"2":{"name":"(anonymous_2)","decl":{"start":{"line":30,"column":8},"end":{"line":30,"column":14}},"loc":{"start":{"line":30,"column":14},"end":{"line":34,"column":2}}},"3":{"name":"(anonymous_3)","decl":{"start":{"line":36,"column":8},"end":{"line":36,"column":13}},"loc":{"start":{"line":36,"column":13},"end":{"line":40,"column":2}}}},"branchMap":{},"s":{"0":1,"1":1,"2":1,"3":1,"4":1,"5":1},"f":{"0":1,"1":1,"2":1,"3":1},"b":{}}
,"/home/trevor/dev/projects/javascript/iter-over/ts/object-iterator.ts": {"path":"/home/trevor/dev/projects/javascript/iter-over/ts/object-iterator.ts","statementMap":{"0":{"start":{"line":7,"column":0},"end":{"line":7,"column":55}},"1":{"start":{"line":25,"column":2},"end":{"line":25,"column":10}},"2":{"start":{"line":21,"column":9},"end":{"line":21,"column":27}},"3":{"start":{"line":27,"column":2},"end":{"line":27,"column":25}},"4":{"start":{"line":29,"column":2},"end":{"line":33,"column":24}},"5":{"start":{"line":31,"column":3},"end":{"line":31,"column":41}},"6":{"start":{"line":33,"column":9},"end":{"line":33,"column":24}},"7":{"start":{"line":39,"column":2},"end":{"line":39,"column":41}},"8":{"start":{"line":45,"column":20},"end":{"line":45,"column":43}},"9":{"start":{"line":46,"column":17},"end":{"line":46,"column":34}},"10":{"start":{"line":48,"column":2},"end":{"line":48,"column":24}},"11":{"start":{"line":54,"column":2},"end":{"line":68,"column":null}},"12":{"start":{"line":56,"column":21},"end":{"line":56,"column":44}},"13":{"start":{"line":57,"column":18},"end":{"line":57,"column":35}},"14":{"start":{"line":58,"column":41},"end":{"line":58,"column":55}},"15":{"start":{"line":60,"column":3},"end":{"line":60,"column":28}},"16":{"start":{"line":62,"column":3},"end":{"line":62,"column":17}},"17":{"start":{"line":66,"column":3},"end":{"line":66,"column":20}},"18":{"start":{"line":74,"column":2},"end":{"line":74,"column":17}},"19":{"start":{"line":17,"column":0},"end":{"line":17,"column":13}}},"fnMap":{"0":{"name":"(anonymous_0)","decl":{"start":{"line":23,"column":1},"end":{"line":23,"column":20}},"loc":{"start":{"line":23,"column":32},"end":{"line":35,"column":2}}},"1":{"name":"(anonymous_1)","decl":{"start":{"line":37,"column":8},"end":{"line":37,"column":15}},"loc":{"start":{"line":37,"column":15},"end":{"line":41,"column":2}}},"2":{"name":"(anonymous_2)","decl":{"start":{"line":43,"column":8},"end":{"line":43,"column":12}},"loc":{"start":{"line":43,"column":12},"end":{"line":50,"column":2}}},"3":{"name":"(anonymous_3)","decl":{"start":{"line":52,"column":8},"end":{"line":52,"column":14}},"loc":{"start":{"line":52,"column":14},"end":{"line":70,"column":2}}},"4":{"name":"(anonymous_4)","decl":{"start":{"line":72,"column":8},"end":{"line":72,"column":13}},"loc":{"start":{"line":72,"column":13},"end":{"line":76,"column":2}}}},"branchMap":{"0":{"loc":{"start":{"line":29,"column":2},"end":{"line":33,"column":24}},"type":"if","locations":[{"start":{"line":29,"column":2},"end":{"line":33,"column":24}},{"start":{"line":29,"column":2},"end":{"line":33,"column":24}}]},"1":{"loc":{"start":{"line":29,"column":7},"end":{"line":29,"column":28}},"type":"binary-expr","locations":[{"start":{"line":29,"column":7},"end":{"line":29,"column":28}},{"start":{"line":29,"column":34},"end":{"line":29,"column":60}}]},"2":{"loc":{"start":{"line":54,"column":2},"end":{"line":68,"column":null}},"type":"if","locations":[{"start":{"line":54,"column":2},"end":{"line":68,"column":null}},{"start":{"line":54,"column":2},"end":{"line":68,"column":null}}]}},"s":{"0":1,"1":3,"2":3,"3":3,"4":3,"5":3,"6":0,"7":15,"8":12,"9":12,"10":12,"11":0,"12":0,"13":0,"14":0,"15":0,"16":0,"17":0,"18":0,"19":1},"f":{"0":3,"1":15,"2":12,"3":0,"4":0},"b":{"0":[3,0],"1":[3,3],"2":[0,0]}}
,"/home/trevor/dev/projects/javascript/iter-over/ts/string-line-iterator.ts": {"path":"/home/trevor/dev/projects/javascript/iter-over/ts/string-line-iterator.ts","statementMap":{"0":{"start":{"line":7,"column":0},"end":{"line":7,"column":55}},"1":{"start":{"line":24,"column":2},"end":{"line":24,"column":10}},"2":{"start":{"line":26,"column":2},"end":{"line":26,"column":52}},"3":{"start":{"line":27,"column":2},"end":{"line":27,"column":17}},"4":{"start":{"line":33,"column":2},"end":{"line":33,"column":44}},"5":{"start":{"line":39,"column":24},"end":{"line":39,"column":50}},"6":{"start":{"line":41,"column":2},"end":{"line":42,"column":22}},"7":{"start":{"line":41,"column":35},"end":{"line":41,"column":57}},"8":{"start":{"line":42,"column":7},"end":{"line":42,"column":22}},"9":{"start":{"line":48,"column":2},"end":{"line":48,"column":19}},"10":{"start":{"line":54,"column":2},"end":{"line":54,"column":17}},"11":{"start":{"line":16,"column":0},"end":{"line":16,"column":13}}},"fnMap":{"0":{"name":"(anonymous_0)","decl":{"start":{"line":22,"column":1},"end":{"line":22,"column":20}},"loc":{"start":{"line":22,"column":35},"end":{"line":29,"column":2}}},"1":{"name":"(anonymous_1)","decl":{"start":{"line":31,"column":8},"end":{"line":31,"column":15}},"loc":{"start":{"line":31,"column":15},"end":{"line":35,"column":2}}},"2":{"name":"(anonymous_2)","decl":{"start":{"line":37,"column":8},"end":{"line":37,"column":12}},"loc":{"start":{"line":37,"column":12},"end":{"line":44,"column":2}}},"3":{"name":"(anonymous_3)","decl":{"start":{"line":46,"column":8},"end":{"line":46,"column":14}},"loc":{"start":{"line":46,"column":14},"end":{"line":50,"column":2}}},"4":{"name":"(anonymous_4)","decl":{"start":{"line":52,"column":8},"end":{"line":52,"column":13}},"loc":{"start":{"line":52,"column":13},"end":{"line":56,"column":2}}}},"branchMap":{"0":{"loc":{"start":{"line":41,"column":2},"end":{"line":42,"column":22}},"type":"if","locations":[{"start":{"line":41,"column":2},"end":{"line":42,"column":22}},{"start":{"line":41,"column":2},"end":{"line":42,"column":22}}]}},"s":{"0":1,"1":6,"2":6,"3":6,"4":10,"5":14,"6":14,"7":12,"8":2,"9":0,"10":0,"11":1},"f":{"0":6,"1":10,"2":14,"3":0,"4":0},"b":{"0":[12,2]}}
}
