{"/home/trevor/dev/projects/javascript/iter-over/js/abstract-iterator.js": {"path":"/home/trevor/dev/projects/javascript/iter-over/js/abstract-iterator.js","statementMap":{"0":{"start":{"line":1,"column":13},"end":{"line":1,"column":68}},"1":{"start":{"line":1,"column":111},"end":{"line":1,"column":146}},"2":{"start":{"line":1,"column":132},"end":{"line":1,"column":146}},"3":{"start":{"line":1,"column":156},"end":{"line":1,"column":262}},"4":{"start":{"line":1,"column":271},"end":{"line":1,"column":376}},"5":{"start":{"line":1,"column":397},"end":{"line":1,"column":772}},"6":{"start":{"line":1,"column":429},"end":{"line":1,"column":470}},"7":{"start":{"line":1,"column":491},"end":{"line":1,"column":502}},"8":{"start":{"line":1,"column":510},"end":{"line":1,"column":646}},"9":{"start":{"line":1,"column":536},"end":{"line":1,"column":646}},"10":{"start":{"line":1,"column":646},"end":{"line":1,"column":764}},"11":{"start":{"line":1,"column":774},"end":{"line":1,"column":816}}},"fnMap":{"0":{"name":"(anonymous_0)","decl":{"start":{"line":1,"column":91},"end":{"line":1,"column":92}},"loc":{"start":{"line":1,"column":110},"end":{"line":1,"column":147}},"line":1},"1":{"name":"(anonymous_1)","decl":{"start":{"line":1,"column":147},"end":{"line":1,"column":148}},"loc":{"start":{"line":1,"column":155},"end":{"line":1,"column":263}},"line":1},"2":{"name":"(anonymous_2)","decl":{"start":{"line":1,"column":263},"end":{"line":1,"column":264}},"loc":{"start":{"line":1,"column":270},"end":{"line":1,"column":377}},"line":1},"3":{"name":"(anonymous_3)","decl":{"start":{"line":1,"column":377},"end":{"line":1,"column":378}},"loc":{"start":{"line":1,"column":396},"end":{"line":1,"column":773}},"line":1},"4":{"name":"(anonymous_4)","decl":{"start":{"line":1,"column":414},"end":{"line":1,"column":415}},"loc":{"start":{"line":1,"column":428},"end":{"line":1,"column":471}},"line":1},"5":{"name":"(anonymous_5)","decl":{"start":{"line":1,"column":471},"end":{"line":1,"column":472}},"loc":{"start":{"line":1,"column":490},"end":{"line":1,"column":503}},"line":1},"6":{"name":"(anonymous_6)","decl":{"start":{"line":1,"column":503},"end":{"line":1,"column":504}},"loc":{"start":{"line":1,"column":509},"end":{"line":1,"column":765}},"line":1}},"branchMap":{"0":{"loc":{"start":{"line":1,"column":510},"end":{"line":1,"column":646}},"type":"if","locations":[{"start":{"line":1,"column":510},"end":{"line":1,"column":646}},{"start":{"line":1,"column":510},"end":{"line":1,"column":646}}],"line":1},"1":{"loc":{"start":{"line":1,"column":653},"end":{"line":1,"column":705}},"type":"binary-expr","locations":[{"start":{"line":1,"column":653},"end":{"line":1,"column":676}},{"start":{"line":1,"column":679},"end":{"line":1,"column":704}}],"line":1}},"s":{"0":2,"1":0,"2":0,"3":0,"4":0,"5":2,"6":2,"7":0,"8":14,"9":0,"10":14,"11":2},"f":{"0":0,"1":0,"2":0,"3":2,"4":2,"5":0,"6":14},"b":{"0":[0,14],"1":[14,2]},"_coverageSchema":"43e27e138ebf9cfc5966b082cf9a028302ed4184","hash":"fc995a060abcff34b7d48b678a9976946a423b94"}
,"/home/trevor/dev/projects/javascript/iter-over/js/object-iterator.js": {"path":"/home/trevor/dev/projects/javascript/iter-over/js/object-iterator.js","statementMap":{"0":{"start":{"line":1,"column":13},"end":{"line":1,"column":68}},"1":{"start":{"line":1,"column":94},"end":{"line":1,"column":124}},"2":{"start":{"line":1,"column":206},"end":{"line":1,"column":333}},"3":{"start":{"line":1,"column":344},"end":{"line":1,"column":378}},"4":{"start":{"line":1,"column":392},"end":{"line":1,"column":415}},"5":{"start":{"line":1,"column":416},"end":{"line":1,"column":451}},"6":{"start":{"line":1,"column":461},"end":{"line":1,"column":572}},"7":{"start":{"line":1,"column":484},"end":{"line":1,"column":507}},"8":{"start":{"line":1,"column":510},"end":{"line":1,"column":539}},"9":{"start":{"line":1,"column":540},"end":{"line":1,"column":571}},"10":{"start":{"line":1,"column":581},"end":{"line":1,"column":593}},"11":{"start":{"line":1,"column":595},"end":{"line":1,"column":633}}},"fnMap":{"0":{"name":"(anonymous_0)","decl":{"start":{"line":1,"column":191},"end":{"line":1,"column":192}},"loc":{"start":{"line":1,"column":205},"end":{"line":1,"column":334}},"line":1},"1":{"name":"(anonymous_1)","decl":{"start":{"line":1,"column":334},"end":{"line":1,"column":335}},"loc":{"start":{"line":1,"column":343},"end":{"line":1,"column":379}},"line":1},"2":{"name":"(anonymous_2)","decl":{"start":{"line":1,"column":379},"end":{"line":1,"column":380}},"loc":{"start":{"line":1,"column":385},"end":{"line":1,"column":452}},"line":1},"3":{"name":"(anonymous_3)","decl":{"start":{"line":1,"column":452},"end":{"line":1,"column":453}},"loc":{"start":{"line":1,"column":460},"end":{"line":1,"column":573}},"line":1},"4":{"name":"(anonymous_4)","decl":{"start":{"line":1,"column":573},"end":{"line":1,"column":574}},"loc":{"start":{"line":1,"column":580},"end":{"line":1,"column":594}},"line":1}},"branchMap":{"0":{"loc":{"start":{"line":1,"column":242},"end":{"line":1,"column":333}},"type":"cond-expr","locations":[{"start":{"line":1,"column":285},"end":{"line":1,"column":320}},{"start":{"line":1,"column":321},"end":{"line":1,"column":333}}],"line":1},"1":{"loc":{"start":{"line":1,"column":242},"end":{"line":1,"column":284}},"type":"binary-expr","locations":[{"start":{"line":1,"column":242},"end":{"line":1,"column":261}},{"start":{"line":1,"column":263},"end":{"line":1,"column":284}}],"line":1},"2":{"loc":{"start":{"line":1,"column":461},"end":{"line":1,"column":572}},"type":"if","locations":[{"start":{"line":1,"column":461},"end":{"line":1,"column":572}},{"start":{"line":1,"column":461},"end":{"line":1,"column":572}}],"line":1}},"s":{"0":1,"1":1,"2":2,"3":15,"4":8,"5":8,"6":0,"7":0,"8":0,"9":0,"10":0,"11":1},"f":{"0":2,"1":15,"2":8,"3":0,"4":0},"b":{"0":[2,0],"1":[2,2],"2":[0,0]},"_coverageSchema":"43e27e138ebf9cfc5966b082cf9a028302ed4184","hash":"aadffe4db577021e8bf067ded84a50466d36ec2c"}
}
