TN:
SF:/home/trevor/dev/projects/javascript/iter-over/ts/abstract-iterator.ts
FN:37,(anonymous_0)
FN:48,(anonymous_1)
FN:58,(anonymous_2)
FN:64,(anonymous_3)
FN:70,(anonymous_4)
FN:76,(anonymous_5)
FN:82,(anonymous_6)
FN:97,(anonymous_7)
FNF:8
FNH:1
FNDA:3,(anonymous_0)
FNDA:0,(anonymous_1)
FNDA:0,(anonymous_2)
FNDA:0,(anonymous_3)
FNDA:0,(anonymous_4)
FNDA:0,(anonymous_5)
FNDA:0,(anonymous_6)
FNDA:0,(anonymous_7)
DA:16,1
DA:39,22
DA:50,0
DA:60,0
DA:66,0
DA:72,0
DA:78,0
DA:84,0
DA:99,0
LF:9
LH:2
BRF:0
BRH:0
end_of_record
TN:
SF:/home/trevor/dev/projects/javascript/iter-over/ts/array-iterator.ts
FN:33,(anonymous_0)
FN:47,(anonymous_1)
FN:58,(anonymous_2)
FN:70,(anonymous_3)
FN:80,(anonymous_4)
FNF:5
FNH:3
FNDA:11,(anonymous_0)
FNDA:96,(anonymous_1)
FNDA:57,(anonymous_2)
FNDA:0,(anonymous_3)
FNDA:0,(anonymous_4)
DA:7,1
DA:16,1
DA:35,11
DA:37,11
DA:38,11
DA:49,96
DA:60,57
DA:61,2
DA:72,0
DA:73,0
DA:82,0
LF:11
LH:8
BRDA:60,0,0,55
BRDA:60,0,1,2
BRDA:72,1,0,0
BRDA:72,1,1,0
BRDA:72,2,0,0
BRDA:72,2,1,0
BRF:6
BRH:2
end_of_record
