TN:
SF:/home/trevor/dev/projects/javascript/iter-over/ts/abstract-iterator.ts
FN:37,(anonymous_0)
FN:48,(anonymous_1)
FN:58,(anonymous_2)
FN:64,(anonymous_3)
FN:70,(anonymous_4)
FN:76,(anonymous_5)
FN:82,(anonymous_6)
FNF:7
FNH:6
FNDA:5,(anonymous_0)
FNDA:2,(anonymous_1)
FNDA:2,(anonymous_2)
FNDA:1,(anonymous_3)
FNDA:1,(anonymous_4)
FNDA:0,(anonymous_5)
FNDA:4,(anonymous_6)
DA:16,5
DA:39,43
DA:50,2
DA:60,2
DA:66,1
DA:72,1
DA:78,0
DA:84,4
LF:8
LH:7
BRF:0
BRH:0
end_of_record
TN:
SF:/home/trevor/dev/projects/javascript/iter-over/ts/array-iterator.ts
FN:22,(anonymous_0)
FN:31,(anonymous_1)
FN:37,(anonymous_2)
FNF:3
FNH:3
FNDA:1,(anonymous_0)
FNDA:6,(anonymous_1)
FNDA:6,(anonymous_2)
DA:7,1
DA:16,1
DA:24,1
DA:26,1
DA:27,1
DA:33,6
DA:39,6
LF:7
LH:7
BRF:0
BRH:0
end_of_record
TN:
SF:/home/trevor/dev/projects/javascript/iter-over/ts/empty-iterator.ts
FN:18,(anonymous_0)
FN:24,(anonymous_1)
FN:30,(anonymous_2)
FN:36,(anonymous_3)
FNF:4
FNH:4
FNDA:1,(anonymous_0)
FNDA:1,(anonymous_1)
FNDA:1,(anonymous_2)
FNDA:1,(anonymous_3)
DA:7,1
DA:16,1
DA:20,1
DA:26,1
DA:32,1
DA:38,1
LF:6
LH:6
BRF:0
BRH:0
end_of_record
TN:
SF:/home/trevor/dev/projects/javascript/iter-over/ts/object-iterator.ts
FN:23,(anonymous_0)
FN:37,(anonymous_1)
FN:43,(anonymous_2)
FN:52,(anonymous_3)
FN:72,(anonymous_4)
FNF:5
FNH:3
FNDA:3,(anonymous_0)
FNDA:15,(anonymous_1)
FNDA:12,(anonymous_2)
FNDA:0,(anonymous_3)
FNDA:0,(anonymous_4)
DA:7,1
DA:17,1
DA:21,3
DA:25,3
DA:27,3
DA:29,3
DA:31,3
DA:33,0
DA:39,15
DA:45,12
DA:46,12
DA:48,12
DA:54,0
DA:56,0
DA:57,0
DA:58,0
DA:60,0
DA:62,0
DA:66,0
DA:74,0
LF:20
LH:11
BRDA:29,0,0,3
BRDA:29,0,1,0
BRDA:29,1,0,3
BRDA:29,1,1,3
BRDA:54,2,0,0
BRDA:54,2,1,0
BRF:6
BRH:3
end_of_record
TN:
SF:/home/trevor/dev/projects/javascript/iter-over/ts/string-line-iterator.ts
FN:22,(anonymous_0)
FN:31,(anonymous_1)
FN:37,(anonymous_2)
FN:46,(anonymous_3)
FN:52,(anonymous_4)
FNF:5
FNH:3
FNDA:6,(anonymous_0)
FNDA:10,(anonymous_1)
FNDA:14,(anonymous_2)
FNDA:0,(anonymous_3)
FNDA:0,(anonymous_4)
DA:7,1
DA:16,1
DA:24,6
DA:26,6
DA:27,6
DA:33,10
DA:39,14
DA:41,14
DA:42,2
DA:48,0
DA:54,0
LF:11
LH:9
BRDA:41,0,0,12
BRDA:41,0,1,2
BRF:2
BRH:2
end_of_record
